# JRE version: Java(TM) SE Runtime Environment (9.0+181) (build 9+181)
# Java VM: Java HotSpot(TM) 64-Bit Server VM (9+181, mixed mode, tiered, compressed oops, g1 gc, linux-amd64)
Heap:
 garbage-first heap   total 380928K, used 247712K [0x00000000c0000000, 0x00000000c0100ba0, 0x0000000100000000)
  region size 1024K, 237 young (242688K), 28 survivors (28672K)
 Metaspace       used 39012K, capacity 41724K, committed 41984K, reserved 1087488K
  class space    used 3990K, capacity 4748K, committed 4864K, reserved 1048576K
GC Heap History (10 events):
Event: 2.177 GC heap after
{Heap after GC invocations=5 (full 0):
 garbage-first heap   total 380928K, used 18260K [0x00000000c0000000, 0x00000000c0100ba0, 0x0000000100000000)
  region size 1024K, 5 young (5120K), 5 survivors (5120K)
 Metaspace       used 25558K, capacity 27260K, committed 27392K, reserved 1073152K
  class space    used 2402K, capacity 2801K, committed 2816K, reserved 1048576K
}
Event: 2.528 GC heap before
{Heap before GC invocations=5 (full 0):
 garbage-first heap   total 380928K, used 59220K [0x00000000c0000000, 0x00000000c0100ba0, 0x0000000100000000)
  region size 1024K, 45 young (46080K), 5 survivors (5120K)
 Metaspace       used 26156K, capacity 27848K, committed 28032K, reserved 1075200K
  class space    used 2473K, capacity 2867K, committed 2944K, reserved 1048576K
}
Event: 2.547 GC heap after
{Heap after GC invocations=6 (full 0):
 garbage-first heap   total 380928K, used 22428K [0x00000000c0000000, 0x00000000c0100ba0, 0x0000000100000000)
  region size 1024K, 6 young (6144K), 6 survivors (6144K)
 Metaspace       used 26156K, capacity 27848K, committed 28032K, reserved 1075200K
  class space    used 2473K, capacity 2867K, committed 2944K, reserved 1048576K
}
Event: 3.000 GC heap before
{Heap before GC invocations=6 (full 0):
 garbage-first heap   total 380928K, used 80796K [0x00000000c0000000, 0x00000000c0100ba0, 0x0000000100000000)
  region size 1024K, 63 young (64512K), 6 survivors (6144K)
 Metaspace       used 26402K, capacity 28138K, committed 28288K, reserved 1075200K
  class space    used 2494K, capacity 2901K, committed 2944K, reserved 1048576K
}
Event: 3.020 GC heap after
{Heap after GC invocations=7 (full 0):
 garbage-first heap   total 380928K, used 26618K [0x00000000c0000000, 0x00000000c0100ba0, 0x0000000100000000)
  region size 1024K, 8 young (8192K), 8 survivors (8192K)
 Metaspace       used 26402K, capacity 28138K, committed 28288K, reserved 1075200K
  class space    used 2494K, capacity 2901K, committed 2944K, reserved 1048576K
}
Event: 4.219 GC heap before
{Heap before GC invocations=7 (full 0):
 garbage-first heap   total 380928K, used 108538K [0x00000000c0000000, 0x00000000c0100ba0, 0x0000000100000000)
  region size 1024K, 87 young (89088K), 8 survivors (8192K)
 Metaspace       used 30442K, capacity 32778K, committed 32896K, reserved 1079296K
  class space    used 2988K, capacity 3616K, committed 3712K, reserved 1048576K
}
Event: 4.250 GC heap after
{Heap after GC invocations=8 (full 0):
 garbage-first heap   total 380928K, used 36139K [0x00000000c0000000, 0x00000000c0100ba0, 0x0000000100000000)
  region size 1024K, 11 young (11264K), 11 survivors (11264K)
 Metaspace       used 30442K, capacity 32778K, committed 32896K, reserved 1079296K
  class space    used 2988K, capacity 3616K, committed 3712K, reserved 1048576K
}
Event: 4.663 GC heap before
{Heap before GC invocations=8 (full 0):
 garbage-first heap   total 380928K, used 51499K [0x00000000c0000000, 0x00000000c0100ba0, 0x0000000100000000)
  region size 1024K, 27 young (27648K), 11 survivors (11264K)
 Metaspace       used 33536K, capacity 35824K, committed 35920K, reserved 1081344K
  class space    used 3370K, capacity 4011K, committed 4096K, reserved 1048576K
}
Event: 4.693 GC heap after
{Heap after GC invocations=9 (full 0):
 garbage-first heap   total 380928K, used 39115K [0x00000000c0000000, 0x00000000c0100ba0, 0x0000000100000000)
  region size 1024K, 14 young (14336K), 14 survivors (14336K)
 Metaspace       used 33536K, capacity 35824K, committed 35920K, reserved 1081344K
  class space    used 3370K, capacity 4011K, committed 4096K, reserved 1048576K
}
Event: 6.400 GC heap before
{Heap before GC invocations=10 (full 0):
 garbage-first heap   total 380928K, used 247712K [0x00000000c0000000, 0x00000000c0100ba0, 0x0000000100000000)
  region size 1024K, 223 young (228352K), 14 survivors (14336K)
 Metaspace       used 39012K, capacity 41724K, committed 41984K, reserved 1087488K
  class space    used 3990K, capacity 4748K, committed 4864K, reserved 1048576K
}

